<?xml version="1.0" encoding="UTF-8"?>
<testsuite name="com.cg.employeepayroll.EmployeePayrollServiceTest" tests="1" skipped="0" failures="0" errors="0" timestamp="2020-10-31T17:33:25" hostname="AVINASH" time="0.655">
  <properties/>
  <testcase name="givenSalaryWhenUpadtedShouldSyncWithDB" classname="com.cg.employeepayroll.EmployeePayrollServiceTest" time="0.655"/>
  <system-out><![CDATA[]]></system-out>
  <system-err><![CDATA[Loading class `com.mysql.jdbc.Driver'. This is deprecated. The new driver class is `com.mysql.cj.jdbc.Driver'. The driver is automatically registered via the SPI and manual loading of the driver class is generally unnecessary.
]]></system-err>
</testsuite>
